<?xml version="1.0" encoding="UTF-8"?>
<!-- Generated by org.testng.reporters.JUnitReportReporter -->
<testsuite skipped="0" hostname="Vinod-Pc" name="org.vini.ViniMavenJnekins.VinTest" tests="1" failures="0" timestamp="06 Aug 2019 12:12:18 GMT" time="0.020" errors="0">
  <testcase name="showText" time="0.020" classname="org.vini.ViniMavenJnekins.VinTest"/>
</testsuite> <!-- org.vini.ViniMavenJnekins.VinTest -->
