<?xml version="1.0" encoding="UTF-8"?>
<!-- Generated by org.testng.reporters.JUnitReportReporter -->
<testsuite skipped="0" hostname="Vinod-Pc" name="org.vini.ViniMavenJnekins.ViniTest" tests="1" failures="0" timestamp="07 Aug 2019 12:00:03 GMT" time="0.009" errors="0">
  <testcase name="display" time="0.009" classname="org.vini.ViniMavenJnekins.ViniTest"/>
</testsuite> <!-- org.vini.ViniMavenJnekins.ViniTest -->
